#
# There is insufficient memory for the Java Runtime Environment to continue.
# Native memory allocation (malloc) failed to allocate 1256544 bytes for Chunk::new
# Possible reasons:
#   The system is out of physical RAM or swap space
#   In 32 bit mode, the process size limit was hit
# Possible solutions:
#   Reduce memory load on the system
#   Increase physical memory or swap space
#   Check if swap backing store is full
#   Use 64 bit Java on a 64 bit OS
#   Decrease Java heap size (-Xmx/-Xms)
#   Decrease number of Java threads
#   Decrease Java thread stack sizes (-Xss)
#   Set larger code cache with -XX:ReservedCodeCacheSize=
# This output file may be truncated or incomplete.
#
#  Out of Memory Error (allocation.cpp:390), pid=104320, tid=0x0000000000012124
#
# JRE version: OpenJDK Runtime Environment (8.0_152-b01) (build 1.8.0_152-release-1248-b01)
# Java VM: OpenJDK 64-Bit Server VM (25.152-b01 mixed mode windows-amd64 compressed oops)
# Failed to write core dump. Minidumps are not enabled by default on client versions of Windows
#

---------------  T H R E A D  ---------------

Current thread (0x00000000187fd000):  JavaThread "C2 CompilerThread2" daemon [_thread_in_native, id=74020, stack(0x0000000019f70000,0x000000001a070000)]

Stack: [0x0000000019f70000,0x000000001a070000]
[error occurred during error reporting (printing stack bounds), id 0xc0000005]

Native frames: (J=compiled Java code, j=interpreted, Vv=VM code, C=native code)


Current CompileTask:
C2:3330060 19749       4       com.android.tools.r8.ir.optimize.RedundantFieldLoadElimination::run (552 bytes)


---------------  P R O C E S S  ---------------

Java Threads: ( => current thread )
  0x00000000247a7800 JavaThread "ForkJoinPool.commonPool-worker-0" daemon [_thread_blocked, id=105256, stack(0x000000002dcd0000,0x000000002ddd0000)]
  0x00000000247a5800 JavaThread "ForkJoinPool.commonPool-worker-14" daemon [_thread_blocked, id=105244, stack(0x000000002d9d0000,0x000000002dad0000)]
  0x00000000247a4800 JavaThread "ForkJoinPool.commonPool-worker-12" daemon [_thread_blocked, id=105600, stack(0x0000000029760000,0x0000000029860000)]
  0x00000000247a4000 JavaThread "ForkJoinPool.commonPool-worker-3" daemon [_thread_blocked, id=103520, stack(0x0000000029660000,0x0000000029760000)]
  0x00000000247a2800 JavaThread "ForkJoinPool.commonPool-worker-10" daemon [_thread_blocked, id=62064, stack(0x0000000029560000,0x0000000029660000)]
  0x000000002139e000 JavaThread "ForkJoinPool.commonPool-worker-1" daemon [_thread_blocked, id=55900, stack(0x0000000029460000,0x0000000029560000)]
  0x00000000213a5000 JavaThread "ForkJoinPool.commonPool-worker-8" daemon [_thread_blocked, id=106192, stack(0x00000000283d0000,0x00000000284d0000)]
  0x00000000213a3800 JavaThread "Cache worker for Build Output Cleanup Cache (D:\work\dustgate\source_code (2)\.gradle\buildOutputCleanup)" [_thread_blocked, id=102416, stack(0x0000000027740000,0x0000000027840000)]
  0x00000000213a4000 JavaThread "Cache worker for task history cache (D:\work\dustgate\source_code (2)\.gradle\4.10.1\taskHistory)" [_thread_blocked, id=98524, stack(0x0000000027440000,0x0000000027540000)]
  0x00000000213a1000 JavaThread "Task worker for ':' Thread 11" [_thread_blocked, id=91480, stack(0x0000000027340000,0x0000000027440000)]
  0x00000000213a2800 JavaThread "Task worker for ':' Thread 10" [_thread_blocked, id=93632, stack(0x0000000027240000,0x0000000027340000)]
  0x0000000021398000 JavaThread "Task worker for ':' Thread 9" [_thread_blocked, id=102712, stack(0x0000000027140000,0x0000000027240000)]
  0x0000000021398800 JavaThread "Task worker for ':' Thread 8" [_thread_blocked, id=99520, stack(0x0000000027040000,0x0000000027140000)]
  0x0000000021396800 JavaThread "Task worker for ':' Thread 7" [_thread_blocked, id=75136, stack(0x0000000026f40000,0x0000000027040000)]
  0x000000002139d000 JavaThread "Task worker for ':' Thread 6" [_thread_blocked, id=101544, stack(0x0000000026e40000,0x0000000026f40000)]
  0x0000000021399800 JavaThread "Task worker for ':' Thread 5" [_thread_blocked, id=105296, stack(0x0000000026d40000,0x0000000026e40000)]
  0x0000000021395800 JavaThread "Task worker for ':' Thread 4" [_thread_blocked, id=101988, stack(0x0000000026c40000,0x0000000026d40000)]
  0x0000000021397000 JavaThread "Task worker for ':' Thread 3" [_thread_blocked, id=84884, stack(0x0000000026b40000,0x0000000026c40000)]
  0x000000002139c800 JavaThread "Task worker for ':' Thread 2" [_thread_blocked, id=93584, stack(0x0000000026a40000,0x0000000026b40000)]
  0x000000001a899000 JavaThread "Task worker for ':'" [_thread_in_native, id=105952, stack(0x0000000025a70000,0x0000000025b70000)]
  0x000000001a896800 JavaThread "Cache worker for file content cache (D:\work\dustgate\source_code (2)\.gradle\4.10.1\fileContent)" [_thread_blocked, id=69608, stack(0x0000000023d70000,0x0000000023e70000)]
  0x000000001a899800 JavaThread "Build operations Thread 12" [_thread_blocked, id=104572, stack(0x0000000023c70000,0x0000000023d70000)]
  0x000000001a898000 JavaThread "Build operations Thread 11" [_thread_blocked, id=6808, stack(0x0000000023b70000,0x0000000023c70000)]
  0x000000001a893800 JavaThread "Build operations Thread 10" [_thread_blocked, id=80156, stack(0x0000000023a70000,0x0000000023b70000)]
  0x000000001a894800 JavaThread "Build operations Thread 9" [_thread_blocked, id=106480, stack(0x0000000023970000,0x0000000023a70000)]
  0x000000001a89a800 JavaThread "Build operations Thread 8" [_thread_blocked, id=101056, stack(0x0000000023870000,0x0000000023970000)]
  0x000000001a895000 JavaThread "Build operations Thread 7" [_thread_blocked, id=59336, stack(0x0000000023770000,0x0000000023870000)]
  0x000000001a88c000 JavaThread "Build operations Thread 6" [_thread_blocked, id=97456, stack(0x0000000023670000,0x0000000023770000)]
  0x000000001a893000 JavaThread "Build operations Thread 5" [_thread_blocked, id=58496, stack(0x0000000023570000,0x0000000023670000)]
  0x000000001a892000 JavaThread "Build operations Thread 4" [_thread_blocked, id=104976, stack(0x0000000023470000,0x0000000023570000)]
  0x000000001a88d800 JavaThread "Build operations Thread 3" [_thread_blocked, id=104876, stack(0x0000000023370000,0x0000000023470000)]
  0x000000001a891800 JavaThread "Build operations Thread 2" [_thread_blocked, id=101388, stack(0x0000000023270000,0x0000000023370000)]
  0x000000001a890800 JavaThread "Build operations" [_thread_blocked, id=89648, stack(0x00000000219a0000,0x0000000021aa0000)]
  0x000000001a88d000 JavaThread "Cache worker for cache directory md-rule (C:\Users\20190207\.gradle\caches\4.10.1\md-rule)" [_thread_blocked, id=104488, stack(0x00000000218a0000,0x00000000219a0000)]
  0x000000001a890000 JavaThread "Cache worker for cache directory md-supplier (C:\Users\20190207\.gradle\caches\4.10.1\md-supplier)" [_thread_blocked, id=105448, stack(0x000000001dcf0000,0x000000001ddf0000)]
  0x000000001a88f000 JavaThread "Cache worker for file hash cache (D:\work\dustgate\source_code (2)\.gradle\4.10.1\fileHashes)" [_thread_blocked, id=11804, stack(0x000000001c520000,0x000000001c620000)]
  0x000000001a88e800 JavaThread "Stdin handler" [_thread_blocked, id=104184, stack(0x000000001c420000,0x000000001c520000)]
  0x000000001e644800 JavaThread "Asynchronous log dispatcher for DefaultDaemonConnection: socket connection from /127.0.0.1:7112 to /127.0.0.1:8043" [_thread_blocked, id=94960, stack(0x000000001c120000,0x000000001c220000)]
  0x000000001e640000 JavaThread "Daemon worker Thread 4" [_thread_blocked, id=105572, stack(0x000000001c020000,0x000000001c120000)]
  0x000000001e643800 JavaThread "Cancel handler" [_thread_blocked, id=104964, stack(0x00000000011a0000,0x00000000012a0000)]
  0x000000001e643000 JavaThread "Handler for socket connection from /127.0.0.1:7112 to /127.0.0.1:8043" [_thread_in_native, id=105712, stack(0x00000000010a0000,0x00000000011a0000)]
  0x000000001e642000 JavaThread "Daemon Thread 4" [_thread_blocked, id=44540, stack(0x0000000000fa0000,0x00000000010a0000)]
  0x00000000247a8800 JavaThread "ForkJoinPool.commonPool-worker-13" daemon [_thread_blocked, id=82048, stack(0x000000002dbd0000,0x000000002dcd0000)]
  0x00000000247ae800 JavaThread "ForkJoinPool.commonPool-worker-4" daemon [_thread_blocked, id=105284, stack(0x000000002dad0000,0x000000002dbd0000)]
  0x00000000247a0000 JavaThread "ForkJoinPool.commonPool-worker-7" daemon [_thread_blocked, id=91764, stack(0x00000000284d0000,0x00000000285d0000)]
  0x00000000247a6000 JavaThread "ForkJoinPool.commonPool-worker-5" daemon [_thread_blocked, id=101788, stack(0x00000000280d0000,0x00000000281d0000)]
  0x00000000213a0800 JavaThread "Cache worker for file content cache (C:\Users\20190207\.gradle\caches\4.10.1\fileContent)" [_thread_blocked, id=93240, stack(0x0000000024310000,0x0000000024410000)]
  0x000000002139a000 JavaThread "Memory manager" [_thread_blocked, id=78748, stack(0x0000000023170000,0x0000000023270000)]
  0x000000001e641800 JavaThread "Cache worker for Artifact transforms cache (C:\Users\20190207\.gradle\caches\transforms-1)" [_thread_blocked, id=80088, stack(0x0000000021aa0000,0x0000000021ba0000)]
  0x000000001e640800 JavaThread "Cache worker for journal cache (C:\Users\20190207\.gradle\caches\journal-1)" [_thread_blocked, id=102436, stack(0x000000001edc0000,0x000000001eec0000)]
  0x000000001b744000 JavaThread "File lock request listener" [_thread_in_native, id=103612, stack(0x000000001dbf0000,0x000000001dcf0000)]
  0x000000001c9f7000 JavaThread "Cache worker for file hash cache (C:\Users\20190207\.gradle\caches\4.10.1\fileHashes)" [_thread_blocked, id=103932, stack(0x000000001daf0000,0x000000001dbf0000)]
  0x000000001b639800 JavaThread "Daemon periodic checks" [_thread_blocked, id=102536, stack(0x000000001bf20000,0x000000001c020000)]
  0x000000001b5da000 JavaThread "Incoming local TCP Connector on port 7112" [_thread_in_native, id=93348, stack(0x000000001bd40000,0x000000001be40000)]
  0x0000000018885800 JavaThread "Service Thread" daemon [_thread_blocked, id=97752, stack(0x000000001a170000,0x000000001a270000)]
  0x00000000187fe000 JavaThread "C1 CompilerThread3" daemon [_thread_blocked, id=66528, stack(0x000000001a070000,0x000000001a170000)]
=>0x00000000187fd000 JavaThread "C2 CompilerThread2" daemon [_thread_in_native, id=74020, stack(0x0000000019f70000,0x000000001a070000)]
  0x00000000187f8000 JavaThread "C2 CompilerThread1" daemon [_thread_in_native, id=102408, stack(0x0000000019e70000,0x0000000019f70000)]
  0x000000001879c000 JavaThread "C2 CompilerThread0" daemon [_thread_in_native, id=91940, stack(0x0000000019d70000,0x0000000019e70000)]
  0x00000000187f2000 JavaThread "Attach Listener" daemon [_thread_blocked, id=97008, stack(0x0000000019c70000,0x0000000019d70000)]
  0x00000000187f1000 JavaThread "Signal Dispatcher" daemon [_thread_blocked, id=102548, stack(0x0000000019b70000,0x0000000019c70000)]
  0x0000000018783800 JavaThread "Finalizer" daemon [_thread_blocked, id=94224, stack(0x00000000199e0000,0x0000000019ae0000)]
  0x00000000170ac000 JavaThread "Reference Handler" daemon [_thread_blocked, id=101400, stack(0x00000000198e0000,0x00000000199e0000)]
  0x0000000002fee800 JavaThread "main" [_thread_blocked, id=62248, stack(0x0000000002e80000,0x0000000002f80000)]

Other Threads:
  0x00000000170a5800 VMThread [stack: 0x00000000197e0000,0x00000000198e0000] [id=103964]
  0x0000000018886000 WatcherThread [stack: 0x000000001a270000,0x000000001a370000] [id=99908]

VM state:not at safepoint (normal execution)

VM Mutex/Monitor currently owned by a thread: None

Heap:
 PSYoungGen      total 483840K, used 324085K [0x00000000e0000000, 0x00000000ffd80000, 0x0000000100000000)
  eden space 449024K, 70% used [0x00000000e0000000,0x00000000f3363868,0x00000000fb680000)
  from space 34816K, 26% used [0x00000000fdb80000,0x00000000fe499d70,0x00000000ffd80000)
  to   space 36352K, 0% used [0x00000000fb680000,0x00000000fb680000,0x00000000fda00000)
 ParOldGen       total 240128K, used 63170K [0x00000000a0000000, 0x00000000aea80000, 0x00000000e0000000)
  object space 240128K, 26% used [0x00000000a0000000,0x00000000a3db0838,0x00000000aea80000)
 Metaspace       used 86078K, capacity 89807K, committed 91160K, reserved 1130496K
  class space    used 10935K, capacity 11709K, committed 12080K, reserved 1048576K

Card table byte_map: [0x00000000124b0000,0x00000000127c0000] byte_map_base: 0x0000000011fb0000

Marking Bits: (ParMarkBitMap*) 0x0000000071e05aa0
 Begin Bits: [0x00000000133c0000, 0x0000000014bc0000)
 End Bits:   [0x0000000014bc0000, 0x00000000163c0000)

Polling page: 0x0000000000dd0000

CodeCache: size=245760Kb used=51546Kb max_used=51568Kb free=194213Kb
 bounds [0x00000000030f0000, 0x00000000063a0000, 0x00000000120f0000]
 total_blobs=17334 nmethods=16476 adapters=769
 compilation: enabled

Compilation events (10 events):
Event: 3329.905 Thread 0x00000000187f8000 nmethod 19756 0x0000000006370e50 code [0x0000000006371600, 0x0000000006377928]
Event: 3329.905 Thread 0x00000000187f8000 19432       4       com.android.tools.r8.ir.conversion.IRBuilder::readRegisterRecursive (359 bytes)
Event: 3329.933 Thread 0x000000001879c000 nmethod 19588 0x0000000006383310 code [0x0000000006383820, 0x0000000006387f48]
Event: 3329.934 Thread 0x000000001879c000 19759       4       com.android.tools.r8.ir.optimize.CodeRewriter::ensureDirectStringNewToInit (172 bytes)
Event: 3329.942 Thread 0x000000001879c000 nmethod 19759 0x0000000006354d90 code [0x0000000006354f40, 0x0000000006355648]
Event: 3329.942 Thread 0x000000001879c000 20324       4       com.android.tools.r8.com.google.common.collect.ImmutableSet::chooseTableSize (55 bytes)
Event: 3329.943 Thread 0x000000001879c000 nmethod 20324 0x0000000006314490 code [0x0000000006314600, 0x00000000063146d8]
Event: 3329.943 Thread 0x000000001879c000 19740       4       com.android.tools.r8.ir.conversion.IRBuilder::processWorklist (350 bytes)
Event: 3330.051 Thread 0x00000000187fe000 20474       2       sun.nio.cs.StreamEncoder::implFlushBuffer (15 bytes)
Event: 3330.052 Thread 0x00000000187fe000 nmethod 20474 0x00000000063150d0 code [0x0000000006315240, 0x00000000063153c8]

GC Heap History (10 events):
Event: 3327.547 GC heap before
{Heap before GC invocations=38 (full 4):
 PSYoungGen      total 480256K, used 461019K [0x00000000e0000000, 0x00000000ffc00000, 0x0000000100000000)
  eden space 440832K, 100% used [0x00000000e0000000,0x00000000fae80000,0x00000000fae80000)
  from space 39424K, 51% used [0x00000000fae80000,0x00000000fc236f18,0x00000000fd500000)
  to   space 37888K, 0% used [0x00000000fd700000,0x00000000fd700000,0x00000000ffc00000)
 ParOldGen       total 240128K, used 50519K [0x00000000a0000000, 0x00000000aea80000, 0x00000000e0000000)
  object space 240128K, 21% used [0x00000000a0000000,0x00000000a3155ef8,0x00000000aea80000)
 Metaspace       used 85739K, capacity 89437K, committed 90904K, reserved 1130496K
  class space    used 10926K, capacity 11698K, committed 12080K, reserved 1048576K
Event: 3327.559 GC heap after
Heap after GC invocations=38 (full 4):
 PSYoungGen      total 483328K, used 13510K [0x00000000e0000000, 0x00000000ffc80000, 0x0000000100000000)
  eden space 445440K, 0% used [0x00000000e0000000,0x00000000e0000000,0x00000000fb300000)
  from space 37888K, 35% used [0x00000000fd700000,0x00000000fe431af0,0x00000000ffc00000)
  to   space 36864K, 0% used [0x00000000fb300000,0x00000000fb300000,0x00000000fd700000)
 ParOldGen       total 240128K, used 54484K [0x00000000a0000000, 0x00000000aea80000, 0x00000000e0000000)
  object space 240128K, 22% used [0x00000000a0000000,0x00000000a3535258,0x00000000aea80000)
 Metaspace       used 85739K, capacity 89437K, committed 90904K, reserved 1130496K
  class space    used 10926K, capacity 11698K, committed 12080K, reserved 1048576K
}
Event: 3327.815 GC heap before
{Heap before GC invocations=39 (full 4):
 PSYoungGen      total 483328K, used 458950K [0x00000000e0000000, 0x00000000ffc80000, 0x0000000100000000)
  eden space 445440K, 100% used [0x00000000e0000000,0x00000000fb300000,0x00000000fb300000)
  from space 37888K, 35% used [0x00000000fd700000,0x00000000fe431af0,0x00000000ffc00000)
  to   space 36864K, 0% used [0x00000000fb300000,0x00000000fb300000,0x00000000fd700000)
 ParOldGen       total 240128K, used 54484K [0x00000000a0000000, 0x00000000aea80000, 0x00000000e0000000)
  object space 240128K, 22% used [0x00000000a0000000,0x00000000a3535258,0x00000000aea80000)
 Metaspace       used 85830K, capacity 89565K, committed 90904K, reserved 1130496K
  class space    used 10926K, capacity 11698K, committed 12080K, reserved 1048576K
Event: 3327.828 GC heap after
Heap after GC invocations=39 (full 4):
 PSYoungGen      total 482304K, used 11376K [0x00000000e0000000, 0x00000000fff00000, 0x0000000100000000)
  eden space 445440K, 0% used [0x00000000e0000000,0x00000000e0000000,0x00000000fb300000)
  from space 36864K, 30% used [0x00000000fb300000,0x00000000fbe1c298,0x00000000fd700000)
  to   space 36864K, 0% used [0x00000000fdb00000,0x00000000fdb00000,0x00000000fff00000)
 ParOldGen       total 240128K, used 60204K [0x00000000a0000000, 0x00000000aea80000, 0x00000000e0000000)
  object space 240128K, 25% used [0x00000000a0000000,0x00000000a3acb1f8,0x00000000aea80000)
 Metaspace       used 85830K, capacity 89565K, committed 90904K, reserved 1130496K
  class space    used 10926K, capacity 11698K, committed 12080K, reserved 1048576K
}
Event: 3328.119 GC heap before
{Heap before GC invocations=40 (full 4):
 PSYoungGen      total 482304K, used 456816K [0x00000000e0000000, 0x00000000fff00000, 0x0000000100000000)
  eden space 445440K, 100% used [0x00000000e0000000,0x00000000fb300000,0x00000000fb300000)
  from space 36864K, 30% used [0x00000000fb300000,0x00000000fbe1c298,0x00000000fd700000)
  to   space 36864K, 0% used [0x00000000fdb00000,0x00000000fdb00000,0x00000000fff00000)
 ParOldGen       total 240128K, used 60204K [0x00000000a0000000, 0x00000000aea80000, 0x00000000e0000000)
  object space 240128K, 25% used [0x00000000a0000000,0x00000000a3acb1f8,0x00000000aea80000)
 Metaspace       used 85887K, capacity 89631K, committed 91160K, reserved 1130496K
  class space    used 10927K, capacity 11699K, committed 12080K, reserved 1048576K
Event: 3328.123 GC heap after
Heap after GC invocations=40 (full 4):
 PSYoungGen      total 485376K, used 2424K [0x00000000e0000000, 0x0000000100000000, 0x0000000100000000)
  eden space 448512K, 0% used [0x00000000e0000000,0x00000000e0000000,0x00000000fb600000)
  from space 36864K, 6% used [0x00000000fdb00000,0x00000000fdd5e3c0,0x00000000fff00000)
  to   space 37888K, 0% used [0x00000000fb600000,0x00000000fb600000,0x00000000fdb00000)
 ParOldGen       total 240128K, used 61788K [0x00000000a0000000, 0x00000000aea80000, 0x00000000e0000000)
  object space 240128K, 25% used [0x00000000a0000000,0x00000000a3c57320,0x00000000aea80000)
 Metaspace       used 85887K, capacity 89631K, committed 91160K, reserved 1130496K
  class space    used 10927K, capacity 11699K, committed 12080K, reserved 1048576K
}
Event: 3328.372 GC heap before
{Heap before GC invocations=41 (full 4):
 PSYoungGen      total 485376K, used 450936K [0x00000000e0000000, 0x0000000100000000, 0x0000000100000000)
  eden space 448512K, 100% used [0x00000000e0000000,0x00000000fb600000,0x00000000fb600000)
  from space 36864K, 6% used [0x00000000fdb00000,0x00000000fdd5e3c0,0x00000000fff00000)
  to   space 37888K, 0% used [0x00000000fb600000,0x00000000fb600000,0x00000000fdb00000)
 ParOldGen       total 240128K, used 61788K [0x00000000a0000000, 0x00000000aea80000, 0x00000000e0000000)
  object space 240128K, 25% used [0x00000000a0000000,0x00000000a3c57320,0x00000000aea80000)
 Metaspace       used 85977K, capacity 89703K, committed 91160K, reserved 1130496K
  class space    used 10928K, capacity 11701K, committed 12080K, reserved 1048576K
Event: 3328.379 GC heap after
Heap after GC invocations=41 (full 4):
 PSYoungGen      total 486400K, used 7141K [0x00000000e0000000, 0x0000000100000000, 0x0000000100000000)
  eden space 448512K, 0% used [0x00000000e0000000,0x00000000e0000000,0x00000000fb600000)
  from space 37888K, 18% used [0x00000000fb600000,0x00000000fbcf94c8,0x00000000fdb00000)
  to   space 37376K, 0% used [0x00000000fdb80000,0x00000000fdb80000,0x0000000100000000)
 ParOldGen       total 240128K, used 62080K [0x00000000a0000000, 0x00000000aea80000, 0x00000000e0000000)
  object space 240128K, 25% used [0x00000000a0000000,0x00000000a3ca0358,0x00000000aea80000)
 Metaspace       used 85977K, capacity 89703K, committed 91160K, reserved 1130496K
  class space    used 10928K, capacity 11701K, committed 12080K, reserved 1048576K
}
Event: 3328.698 GC heap before
{Heap before GC invocations=42 (full 4):
 PSYoungGen      total 486400K, used 455653K [0x00000000e0000000, 0x0000000100000000, 0x0000000100000000)
  eden space 448512K, 100% used [0x00000000e0000000,0x00000000fb600000,0x00000000fb600000)
  from space 37888K, 18% used [0x00000000fb600000,0x00000000fbcf94c8,0x00000000fdb00000)
  to   space 37376K, 0% used [0x00000000fdb80000,0x00000000fdb80000,0x0000000100000000)
 ParOldGen       total 240128K, used 62080K [0x00000000a0000000, 0x00000000aea80000, 0x00000000e0000000)
  object space 240128K, 25% used [0x00000000a0000000,0x00000000a3ca0358,0x00000000aea80000)
 Metaspace       used 86041K, capacity 89705K, committed 91160K, reserved 1130496K
  class space    used 10931K, capacity 11702K, committed 12080K, reserved 1048576K
Event: 3328.704 GC heap after
Heap after GC invocations=42 (full 4):
 PSYoungGen      total 483840K, used 9319K [0x00000000e0000000, 0x00000000ffd80000, 0x0000000100000000)
  eden space 449024K, 0% used [0x00000000e0000000,0x00000000e0000000,0x00000000fb680000)
  from space 34816K, 26% used [0x00000000fdb80000,0x00000000fe499d70,0x00000000ffd80000)
  to   space 36352K, 0% used [0x00000000fb680000,0x00000000fb680000,0x00000000fda00000)
 ParOldGen       total 240128K, used 63170K [0x00000000a0000000, 0x00000000aea80000, 0x00000000e0000000)
  object space 240128K, 26% used [0x00000000a0000000,0x00000000a3db0838,0x00000000aea80000)
 Metaspace       used 86041K, capacity 89705K, committed 91160K, reserved 1130496K
  class space    used 10931K, capacity 11702K, committed 12080K, reserved 1048576K
}

Deoptimization events (10 events):
Event: 3326.835 Thread 0x00000000247a0000 Uncommon trap: reason=class_check action=maybe_recompile pc=0x0000000003bcf3fc method=com.android.tools.r8.ir.conversion.JarState$LocalsAtOffset.isLive(Lcom/android/tools/r8/ir/conversion/JarState$LocalNodeInfo;)Z @ 4
Event: 3326.835 Thread 0x00000000247a0000 Uncommon trap: reason=class_check action=maybe_recompile pc=0x0000000003bcf3fc method=com.android.tools.r8.ir.conversion.JarState$LocalsAtOffset.isLive(Lcom/android/tools/r8/ir/conversion/JarState$LocalNodeInfo;)Z @ 4
Event: 3326.840 Thread 0x00000000213a5000 Uncommon trap: reason=unstable_if action=reinterpret pc=0x0000000006019830 method=com.android.tools.r8.ir.code.Phi.recomputeNeverNull()V @ 4
Event: 3327.711 Thread 0x00000000247a2800 Uncommon trap: reason=unstable_if action=reinterpret pc=0x0000000006115d5c method=com.android.tools.r8.ir.conversion.JarSourceCode.getTryHandlers(Lcom/android/tools/r8/org/objectweb/asm/tree/AbstractInsnNode;)Ljava/util/List; @ 80
Event: 3327.855 Thread 0x00000000247a2800 Uncommon trap: reason=unstable_if action=reinterpret pc=0x00000000048c5114 method=com.android.tools.r8.graph.DexAnnotationElement.equals(Ljava/lang/Object;)Z @ 30
Event: 3327.855 Thread 0x00000000247a2800 Uncommon trap: reason=unstable_if action=reinterpret pc=0x00000000048bb2f0 method=com.android.tools.r8.graph.DexAnnotationElement.equals(Ljava/lang/Object;)Z @ 30
Event: 3327.855 Thread 0x00000000247a2800 Uncommon trap: reason=unstable_if action=reinterpret pc=0x00000000048c1bcc method=com.android.tools.r8.graph.DexAnnotationElement.equals(Ljava/lang/Object;)Z @ 30
Event: 3328.028 Thread 0x00000000247a4800 Uncommon trap: reason=unstable_if action=reinterpret pc=0x00000000061b249c method=com.android.tools.r8.ir.regalloc.LinearScanRegisterAllocator.tryHint(Lcom/android/tools/r8/ir/regalloc/LiveIntervals;ILcom/android/tools/r8/ir/regalloc/RegisterPositions;ZI)
Event: 3329.122 Thread 0x00000000247a7800 Uncommon trap: reason=array_check action=maybe_recompile pc=0x000000000630ddb0 method=java.util.TimSort.mergeHi(IIII)V @ 171
Event: 3329.122 Thread 0x00000000247a7800 Uncommon trap: reason=array_check action=maybe_recompile pc=0x000000000630ddb0 method=java.util.TimSort.mergeHi(IIII)V @ 171

Classes redefined (0 events):
No events

Internal exceptions (10 events):
Event: 3329.146 Thread 0x00000000247a7800 Exception <a 'sun/nio/fs/WindowsException'> (0x00000000f277f068) thrown at [D:\src\AOSP-openjdk-cygwin\jdk8u\hotspot\src\share\vm\prims\jni.cpp, line 709]
Event: 3329.146 Thread 0x00000000247a7800 Exception <a 'sun/nio/fs/WindowsException'> (0x00000000f277f780) thrown at [D:\src\AOSP-openjdk-cygwin\jdk8u\hotspot\src\share\vm\prims\jni.cpp, line 709]
Event: 3329.146 Thread 0x00000000247a7800 Exception <a 'sun/nio/fs/WindowsException'> (0x00000000f277ffc0) thrown at [D:\src\AOSP-openjdk-cygwin\jdk8u\hotspot\src\share\vm\prims\jni.cpp, line 709]
Event: 3329.151 Thread 0x00000000247a7800 Exception <a 'sun/nio/fs/WindowsException'> (0x00000000f27ff480) thrown at [D:\src\AOSP-openjdk-cygwin\jdk8u\hotspot\src\share\vm\prims\jni.cpp, line 709]
Event: 3329.152 Thread 0x00000000247a7800 Exception <a 'sun/nio/fs/WindowsException'> (0x00000000f28068b0) thrown at [D:\src\AOSP-openjdk-cygwin\jdk8u\hotspot\src\share\vm\prims\jni.cpp, line 709]
Event: 3329.153 Thread 0x00000000247a7800 Exception <a 'sun/nio/fs/WindowsException'> (0x00000000f280b828) thrown at [D:\src\AOSP-openjdk-cygwin\jdk8u\hotspot\src\share\vm\prims\jni.cpp, line 709]
Event: 3329.155 Thread 0x00000000247a7800 Exception <a 'sun/nio/fs/WindowsException'> (0x00000000f28d2398) thrown at [D:\src\AOSP-openjdk-cygwin\jdk8u\hotspot\src\share\vm\prims\jni.cpp, line 709]
Event: 3329.157 Thread 0x00000000247a7800 Exception <a 'sun/nio/fs/WindowsException'> (0x00000000f295af68) thrown at [D:\src\AOSP-openjdk-cygwin\jdk8u\hotspot\src\share\vm\prims\jni.cpp, line 709]
Event: 3329.158 Thread 0x00000000247a7800 Exception <a 'sun/nio/fs/WindowsException'> (0x00000000f29a4ac0) thrown at [D:\src\AOSP-openjdk-cygwin\jdk8u\hotspot\src\share\vm\prims\jni.cpp, line 709]
Event: 3329.159 Thread 0x00000000247a7800 Exception <a 'sun/nio/fs/WindowsException'> (0x00000000f29ea7c0) thrown at [D:\src\AOSP-openjdk-cygwin\jdk8u\hotspot\src\share\vm\prims\jni.cpp, line 709]

Events (10 events):
Event: 3329.165 loading class com/android/builder/utils/FileCache$Inputs
Event: 3329.165 loading class com/android/builder/utils/FileCache$Inputs done
Event: 3329.165 loading class com/android/builder/utils/FileCache
Event: 3329.165 loading class com/android/builder/utils/FileCache done
Event: 3329.167 loading class com/android/builder/utils/FileCache$Inputs
Event: 3329.167 loading class com/android/builder/utils/FileCache$Inputs done
Event: 3329.167 loading class com/android/builder/utils/FileCache
Event: 3329.167 loading class com/android/builder/utils/FileCache done
Event: 3329.315 Thread 0x000000001a899000 DEOPT PACKING pc=0x00000000053512f3 sp=0x0000000025b6c840
Event: 3329.315 Thread 0x000000001a899000 DEOPT UNPACKING pc=0x00000000031375d0 sp=0x0000000025b6c648 mode 0


Dynamic libraries:
0x00007ff763610000 - 0x00007ff763641000 	C:\Program Files\Android\Android Studio\jre\bin\java.exe
0x00007ffd7e940000 - 0x00007ffd7eb30000 	C:\WINDOWS\SYSTEM32\ntdll.dll
0x00007ffd7d840000 - 0x00007ffd7d8f2000 	C:\WINDOWS\System32\KERNEL32.DLL
0x00007ffd7ba00000 - 0x00007ffd7bca3000 	C:\WINDOWS\System32\KERNELBASE.dll
0x00007ffd7ca10000 - 0x00007ffd7cab3000 	C:\WINDOWS\System32\ADVAPI32.dll
0x00007ffd7e700000 - 0x00007ffd7e79e000 	C:\WINDOWS\System32\msvcrt.dll
0x00007ffd7d0e0000 - 0x00007ffd7d177000 	C:\WINDOWS\System32\sechost.dll
0x00007ffd7dd10000 - 0x00007ffd7de30000 	C:\WINDOWS\System32\RPCRT4.dll
0x00007ffd7d250000 - 0x00007ffd7d3e3000 	C:\WINDOWS\System32\USER32.dll
0x00007ffd7c150000 - 0x00007ffd7c171000 	C:\WINDOWS\System32\win32u.dll
0x00007ffd7d3f0000 - 0x00007ffd7d416000 	C:\WINDOWS\System32\GDI32.dll
0x00007ffd7bcb0000 - 0x00007ffd7be44000 	C:\WINDOWS\System32\gdi32full.dll
0x00007ffd7c900000 - 0x00007ffd7c99e000 	C:\WINDOWS\System32\msvcp_win.dll
0x00007ffd7bfa0000 - 0x00007ffd7c09a000 	C:\WINDOWS\System32\ucrtbase.dll
0x00007ffd6a9b0000 - 0x00007ffd6ac35000 	C:\WINDOWS\WinSxS\amd64_microsoft.windows.common-controls_6595b64144ccf1df_6.0.18362.356_none_e6c4af7d130f27cc\COMCTL32.dll
0x00007ffd7d420000 - 0x00007ffd7d756000 	C:\WINDOWS\System32\combase.dll
0x00007ffd7b920000 - 0x00007ffd7b9a0000 	C:\WINDOWS\System32\bcryptPrimitives.dll
0x00007ffd7cac0000 - 0x00007ffd7caee000 	C:\WINDOWS\System32\IMM32.DLL
0x0000000071560000 - 0x0000000071632000 	C:\Program Files\Android\Android Studio\jre\jre\bin\msvcr100.dll
0x0000000071640000 - 0x0000000071e81000 	C:\Program Files\Android\Android Studio\jre\jre\bin\server\jvm.dll
0x00007ffd7e520000 - 0x00007ffd7e528000 	C:\WINDOWS\System32\PSAPI.DLL
0x00007ffd6f250000 - 0x00007ffd6f274000 	C:\WINDOWS\SYSTEM32\WINMM.dll
0x00007ffd714a0000 - 0x00007ffd714a9000 	C:\WINDOWS\SYSTEM32\WSOCK32.dll
0x00007ffd77050000 - 0x00007ffd7705a000 	C:\WINDOWS\SYSTEM32\VERSION.dll
0x00007ffd7d1e0000 - 0x00007ffd7d24f000 	C:\WINDOWS\System32\WS2_32.dll
0x00007ffd6ef50000 - 0x00007ffd6ef7d000 	C:\WINDOWS\SYSTEM32\winmmbase.dll
0x00007ffd7c9a0000 - 0x00007ffd7c9ea000 	C:\WINDOWS\System32\cfgmgr32.dll
0x00007ffd6d630000 - 0x00007ffd6d63f000 	C:\Program Files\Android\Android Studio\jre\jre\bin\verify.dll
0x00007ffd5f790000 - 0x00007ffd5f7b9000 	C:\Program Files\Android\Android Studio\jre\jre\bin\java.dll
0x00007ffd5ef80000 - 0x00007ffd5ef96000 	C:\Program Files\Android\Android Studio\jre\jre\bin\zip.dll
0x00007ffd7de30000 - 0x00007ffd7e515000 	C:\WINDOWS\System32\SHELL32.dll
0x00007ffd7d030000 - 0x00007ffd7d0d9000 	C:\WINDOWS\System32\shcore.dll
0x00007ffd7c180000 - 0x00007ffd7c8fe000 	C:\WINDOWS\System32\windows.storage.dll
0x00007ffd7b840000 - 0x00007ffd7b85f000 	C:\WINDOWS\System32\profapi.dll
0x00007ffd7b860000 - 0x00007ffd7b8aa000 	C:\WINDOWS\System32\powrprof.dll
0x00007ffd7b810000 - 0x00007ffd7b820000 	C:\WINDOWS\System32\UMPDC.dll
0x00007ffd7d180000 - 0x00007ffd7d1d2000 	C:\WINDOWS\System32\shlwapi.dll
0x00007ffd7b8b0000 - 0x00007ffd7b8c1000 	C:\WINDOWS\System32\kernel.appcore.dll
0x00007ffd7b8d0000 - 0x00007ffd7b8e7000 	C:\WINDOWS\System32\cryptsp.dll
0x00007ffd5c110000 - 0x00007ffd5c12a000 	C:\Program Files\Android\Android Studio\jre\jre\bin\net.dll
0x00007ffd7b080000 - 0x00007ffd7b0e7000 	C:\WINDOWS\system32\mswsock.dll
0x00007ffd5a960000 - 0x00007ffd5a971000 	C:\Program Files\Android\Android Studio\jre\jre\bin\nio.dll
0x00007ffd6d640000 - 0x00007ffd6d65e000 	C:\Users\20190207\.gradle\native\25\windows-amd64\native-platform.dll
0x00007ffd6d5c0000 - 0x00007ffd6d5cd000 	C:\Program Files\Android\Android Studio\jre\jre\bin\management.dll
0x00007ffd7abf0000 - 0x00007ffd7ac23000 	C:\WINDOWS\system32\rsaenh.dll
0x00007ffd7b8f0000 - 0x00007ffd7b916000 	C:\WINDOWS\System32\bcrypt.dll
0x00007ffd7b700000 - 0x00007ffd7b725000 	C:\WINDOWS\SYSTEM32\USERENV.dll
0x00007ffd7b250000 - 0x00007ffd7b25c000 	C:\WINDOWS\SYSTEM32\CRYPTBASE.dll
0x00007ffd7ad90000 - 0x00007ffd7adca000 	C:\WINDOWS\SYSTEM32\IPHLPAPI.DLL
0x00007ffd7dd00000 - 0x00007ffd7dd08000 	C:\WINDOWS\System32\NSI.dll
0x00007ffd76d80000 - 0x00007ffd76d96000 	C:\WINDOWS\SYSTEM32\dhcpcsvc6.DLL
0x00007ffd76fc0000 - 0x00007ffd76fdc000 	C:\WINDOWS\SYSTEM32\dhcpcsvc.DLL
0x00007ffd7add0000 - 0x00007ffd7ae9a000 	C:\WINDOWS\SYSTEM32\DNSAPI.dll

VM Arguments:
jvm_args: -Xmx1536m -Dfile.encoding=x-windows-949 -Duser.country=KR -Duser.language=ko -Duser.variant 
java_command: org.gradle.launcher.daemon.bootstrap.GradleDaemon 4.10.1
java_class_path (initial): C:\Users\20190207\.gradle\wrapper\dists\gradle-4.10.1-all\455itskqi2qtf0v2sja68alqd\gradle-4.10.1\lib\gradle-launcher-4.10.1.jar
Launcher Type: SUN_STANDARD

Environment Variables:
PATH=C:\Program Files (x86)\Common Files\Oracle\Java\javapath;C:\Program Files (x86)\Common Files\Intel\Shared Libraries\redist\intel64\compiler;C:\Program Files (x86)\Intel\Intel(R) Management Engine Components\iCLS\;C:\Program Files\Intel\Intel(R) Management Engine Components\iCLS\;C:\Windows\system32;C:\Windows;C:\Windows\System32\Wbem;C:\Windows\System32\WindowsPowerShell\v1.0\;C:\Program Files (x86)\Intel\Intel(R) Management Engine Components\DAL;C:\Program Files\Intel\Intel(R) Management Engine Components\DAL;C:\Program Files (x86)\Intel\Intel(R) Management Engine Components\IPT;C:\Program Files\Intel\Intel(R) Management Engine Components\IPT;C:\Program Files (x86)\Windows Kits\8.1\Windows Performance Toolkit\;C:\Program Files\Microsoft SQL Server\110\Tools\Binn\;C:\Program Files (x86)\Microsoft SDKs\TypeScript\1.0\;C:\Program Files\Microsoft SQL Server\120\Tools\Binn\;C:\Program Files (x86)\NVIDIA Corporation\PhysX\Common;C:\Program Files\NVIDIA Corporation\NVIDIA NvDLISR;C:\WINDOWS\system32;C:\WINDOWS;C:\WINDOWS\System32\Wbem;C:\WINDOWS\System32\WindowsPowerShell\v1.0\;C:\WINDOWS\System32\OpenSSH\;C:\Program Files\Git\cmd;C:\Program Files\PuTTY\;C:\Program Files\Java\jdk-12.0.2\bin;C:\Users\20190207\AppData\Local\Microsoft\WindowsApps;C:\Program Files\Bandizip\;C:\Program Files (x86)\AllWinnerTech\PhoenixSuit\
USERNAME=20190207
OS=Windows_NT
PROCESSOR_IDENTIFIER=Intel64 Family 6 Model 158 Stepping 10, GenuineIntel



---------------  S Y S T E M  ---------------

OS: Windows 10.0 , 64 bit Build 18362 (10.0.18362.329)

CPU:total 12 (initial active 12) (6 cores per cpu, 2 threads per core) family 6 model 158 stepping 10, cmov, cx8, fxsr, mmx, sse, sse2, sse3, ssse3, sse4.1, sse4.2, popcnt, avx, avx2, aes, clmul, erms, rtm, 3dnowpref, lzcnt, ht, tsc, tscinvbit, bmi1, bmi2, adx

Memory: 4k page, physical 16688936k(3413680k free), swap 16688936k(6096k free)

vm_info: OpenJDK 64-Bit Server VM (25.152-b01) for windows-amd64 JRE (1.8.0_152-release-1248-b01), built by "builder" with MS VC++ 10.0 (VS2010)

time: Mon Sep 30 15:24:35 2019
elapsed time: 3330 seconds (0d 0h 55m 30s)

